2024-08-20 13:22:47,955 DEBUG    root            Loaded Command Group: ['gcloud', 'components']
2024-08-20 13:22:47,957 DEBUG    root            Loaded Command Group: ['gcloud', 'components', 'update']
2024-08-20 13:22:47,960 DEBUG    root            Running [gcloud.components.update] with arguments: [--quiet: "True", COMPONENT-IDS:8: "['gcloud', 'core', 'bq', 'gsutil', 'compute', 'preview', 'alpha', 'beta']"]
2024-08-20 13:22:47,962 INFO     ___FILE_ONLY___ Beginning update. This process may take several minutes.

2024-08-20 13:22:47,973 DEBUG    urllib3.connectionpool Starting new HTTPS connection (1): dl.google.com:443
2024-08-20 13:22:48,093 DEBUG    urllib3.connectionpool https://dl.google.com:443 "GET /dl/cloudsdk/channels/rapid/components-2.json HTTP/1.1" 200 223380
2024-08-20 13:22:48,109 WARNING  root            Component [preview] no longer exists.
2024-08-20 13:22:48,110 WARNING  root            Component [compute] no longer exists.
2024-08-20 13:22:48,111 INFO     ___FILE_ONLY___ 

2024-08-20 13:22:48,111 INFO     ___FILE_ONLY___ 
Your current Google Cloud CLI version is: 488.0.0

2024-08-20 13:22:48,111 INFO     ___FILE_ONLY___ Installing components from version: 488.0.0

2024-08-20 13:22:48,111 INFO     ___FILE_ONLY___ 

2024-08-20 13:22:48,112 DEBUG    root            Chosen display Format:table[box,title="These components will be removed."](details.display_name:label=Name:align=left,version.version_string:label=Version:align=right,data.size.size(zero="",min=1048576):label=Size:align=right)
2024-08-20 13:22:48,112 DEBUG    root            Chosen display Format:table[box,title="These components will be updated."](details.display_name:label=Name:align=left,version.version_string:label=Version:align=right,data.size.size(zero="",min=1048576):label=Size:align=right)
2024-08-20 13:22:48,113 DEBUG    root            Chosen display Format:table[box,title="These components will be installed."](details.display_name:label=Name:align=left,version.version_string:label=Version:align=right,data.size.size(zero="",min=1048576):label=Size:align=right)
2024-08-20 13:22:48,132 INFO     ___FILE_ONLY___ ┌──────────────────────────────────────────────┐
2024-08-20 13:22:48,132 INFO     ___FILE_ONLY___ 

2024-08-20 13:22:48,132 INFO     ___FILE_ONLY___ │     These components will be installed.      │
2024-08-20 13:22:48,132 INFO     ___FILE_ONLY___ 

2024-08-20 13:22:48,132 INFO     ___FILE_ONLY___ ├───────────────────────┬────────────┬─────────┤
2024-08-20 13:22:48,132 INFO     ___FILE_ONLY___ 

2024-08-20 13:22:48,132 INFO     ___FILE_ONLY___ │          Name         │  Version   │   Size  │
2024-08-20 13:22:48,132 INFO     ___FILE_ONLY___ 

2024-08-20 13:22:48,132 INFO     ___FILE_ONLY___ ├───────────────────────┼────────────┼─────────┤
2024-08-20 13:22:48,133 INFO     ___FILE_ONLY___ 

2024-08-20 13:22:48,133 INFO     ___FILE_ONLY___ │ 
2024-08-20 13:22:48,133 INFO     ___FILE_ONLY___ gcloud Alpha Commands
2024-08-20 13:22:48,133 INFO     ___FILE_ONLY___  
2024-08-20 13:22:48,133 INFO     ___FILE_ONLY___ │ 
2024-08-20 13:22:48,133 INFO     ___FILE_ONLY___ 2024.08.09
2024-08-20 13:22:48,133 INFO     ___FILE_ONLY___  
2024-08-20 13:22:48,133 INFO     ___FILE_ONLY___ │ 
2024-08-20 13:22:48,133 INFO     ___FILE_ONLY___ < 1 MiB
2024-08-20 13:22:48,133 INFO     ___FILE_ONLY___  
2024-08-20 13:22:48,133 INFO     ___FILE_ONLY___ │
2024-08-20 13:22:48,133 INFO     ___FILE_ONLY___ 

2024-08-20 13:22:48,133 INFO     ___FILE_ONLY___ │ 
2024-08-20 13:22:48,133 INFO     ___FILE_ONLY___ gcloud Beta Commands 
2024-08-20 13:22:48,133 INFO     ___FILE_ONLY___  
2024-08-20 13:22:48,133 INFO     ___FILE_ONLY___ │ 
2024-08-20 13:22:48,134 INFO     ___FILE_ONLY___ 2024.08.09
2024-08-20 13:22:48,134 INFO     ___FILE_ONLY___  
2024-08-20 13:22:48,134 INFO     ___FILE_ONLY___ │ 
2024-08-20 13:22:48,134 INFO     ___FILE_ONLY___ < 1 MiB
2024-08-20 13:22:48,134 INFO     ___FILE_ONLY___  
2024-08-20 13:22:48,134 INFO     ___FILE_ONLY___ │
2024-08-20 13:22:48,134 INFO     ___FILE_ONLY___ 

2024-08-20 13:22:48,134 INFO     ___FILE_ONLY___ └───────────────────────┴────────────┴─────────┘
2024-08-20 13:22:48,134 INFO     ___FILE_ONLY___ 

2024-08-20 13:22:48,134 INFO     ___FILE_ONLY___ 

2024-08-20 13:22:48,138 DEBUG    urllib3.connectionpool Starting new HTTPS connection (1): dl.google.com:443
2024-08-20 13:22:48,255 DEBUG    urllib3.connectionpool https://dl.google.com:443 "GET /dl/cloudsdk/channels/rapid/RELEASE_NOTES HTTP/1.1" 200 1256061
2024-08-20 13:22:48,292 INFO     ___FILE_ONLY___ For the latest full release notes, please visit:
  https://cloud.google.com/sdk/release_notes


2024-08-20 13:22:48,292 INFO     ___FILE_ONLY___ Performing in place update...


2024-08-20 13:22:48,294 INFO     ___FILE_ONLY___ ╔════════════════════════════════════════════════════════════╗

2024-08-20 13:22:48,294 INFO     ___FILE_ONLY___ ╠═ Downloading: gcloud Alpha Commands                       ═╣

2024-08-20 13:22:48,295 INFO     ___FILE_ONLY___ ╚
2024-08-20 13:22:48,298 DEBUG    urllib3.connectionpool Starting new HTTPS connection (1): dl.google.com:443
2024-08-20 13:22:48,414 DEBUG    urllib3.connectionpool https://dl.google.com:443 "GET /dl/cloudsdk/channels/rapid/components/google-cloud-sdk-alpha-20240809134940.tar.gz HTTP/1.1" 200 800
2024-08-20 13:22:48,415 INFO     ___FILE_ONLY___ ════════════════════════════════════════════════════════════
2024-08-20 13:22:48,416 INFO     ___FILE_ONLY___ ╝

2024-08-20 13:22:48,418 INFO     ___FILE_ONLY___ ╔════════════════════════════════════════════════════════════╗

2024-08-20 13:22:48,418 INFO     ___FILE_ONLY___ ╠═ Downloading: gcloud Beta Commands                        ═╣

2024-08-20 13:22:48,418 INFO     ___FILE_ONLY___ ╚
2024-08-20 13:22:48,421 DEBUG    urllib3.connectionpool Starting new HTTPS connection (1): dl.google.com:443
2024-08-20 13:22:48,536 DEBUG    urllib3.connectionpool https://dl.google.com:443 "GET /dl/cloudsdk/channels/rapid/components/google-cloud-sdk-beta-20240809134940.tar.gz HTTP/1.1" 200 797
2024-08-20 13:22:48,537 INFO     ___FILE_ONLY___ ════════════════════════════════════════════════════════════
2024-08-20 13:22:48,537 INFO     ___FILE_ONLY___ ╝

2024-08-20 13:22:48,539 INFO     ___FILE_ONLY___ ╔════════════════════════════════════════════════════════════╗

2024-08-20 13:22:48,539 INFO     ___FILE_ONLY___ ╠═ Installing: gcloud Alpha Commands                        ═╣

2024-08-20 13:22:48,539 INFO     ___FILE_ONLY___ ╚
2024-08-20 13:22:48,540 INFO     ___FILE_ONLY___ ════════════════════════════════════════════════════════════
2024-08-20 13:22:48,541 INFO     ___FILE_ONLY___ ╝

2024-08-20 13:22:48,549 INFO     ___FILE_ONLY___ ╔════════════════════════════════════════════════════════════╗

2024-08-20 13:22:48,549 INFO     ___FILE_ONLY___ ╠═ Installing: gcloud Beta Commands                         ═╣

2024-08-20 13:22:48,549 INFO     ___FILE_ONLY___ ╚
2024-08-20 13:22:48,550 INFO     ___FILE_ONLY___ ════════════════════════════════════════════════════════════
2024-08-20 13:22:48,550 INFO     ___FILE_ONLY___ ╝

2024-08-20 13:22:48,558 DEBUG    root            Updating notification cache...
2024-08-20 13:22:48,558 INFO     ___FILE_ONLY___ 

2024-08-20 13:22:48,561 INFO     ___FILE_ONLY___ Performing post processing steps...
2024-08-20 13:22:48,561 DEBUG    root            Executing command: ['/tools/google-cloud-sdk/bin/gcloud', 'components', 'post-process']
2024-08-20 13:22:59,351 DEBUG    ___FILE_ONLY___ 
2024-08-20 13:22:59,352 DEBUG    ___FILE_ONLY___ 
2024-08-20 13:22:59,584 INFO     ___FILE_ONLY___ 
Update done!


2024-08-20 13:22:59,586 DEBUG    root            Chosen display Format:none
2024-08-20 13:22:59,587 INFO     root            Display format: "none"
