2024-08-20 13:22:27,698 DEBUG    root            Loaded Command Group: ['gcloud', 'components']
2024-08-20 13:22:27,702 DEBUG    root            Loaded Command Group: ['gcloud', 'components', 'update']
2024-08-20 13:22:27,705 DEBUG    root            Running [gcloud.components.update] with arguments: [--allow-no-backup: "True", --compile-python: "True", --quiet: "True", COMPONENT-IDS:6: "['core', 'gcloud-deps', 'bq', 'gcloud', 'gcloud-crc32c', 'gsutil']"]
2024-08-20 13:22:27,706 INFO     ___FILE_ONLY___ Beginning update. This process may take several minutes.

2024-08-20 13:22:27,739 DEBUG    urllib3.connectionpool Starting new HTTPS connection (1): dl.google.com:443
2024-08-20 13:22:27,856 DEBUG    urllib3.connectionpool https://dl.google.com:443 "GET /dl/cloudsdk/channels/rapid/components-2.json HTTP/1.1" 200 223380
2024-08-20 13:22:27,872 INFO     ___FILE_ONLY___ 

2024-08-20 13:22:27,872 INFO     ___FILE_ONLY___ 
Your current Google Cloud CLI version is: 488.0.0

2024-08-20 13:22:27,872 INFO     ___FILE_ONLY___ Installing components from version: 488.0.0

2024-08-20 13:22:27,872 INFO     ___FILE_ONLY___ 

2024-08-20 13:22:27,873 DEBUG    root            Chosen display Format:table[box,title="These components will be removed."](details.display_name:label=Name:align=left,version.version_string:label=Version:align=right,data.size.size(zero="",min=1048576):label=Size:align=right)
2024-08-20 13:22:27,874 DEBUG    root            Chosen display Format:table[box,title="These components will be updated."](details.display_name:label=Name:align=left,version.version_string:label=Version:align=right,data.size.size(zero="",min=1048576):label=Size:align=right)
2024-08-20 13:22:27,874 DEBUG    root            Chosen display Format:table[box,title="These components will be installed."](details.display_name:label=Name:align=left,version.version_string:label=Version:align=right,data.size.size(zero="",min=1048576):label=Size:align=right)
2024-08-20 13:22:27,918 INFO     ___FILE_ONLY___ ┌─────────────────────────────────────────────────────────────────────────────┐
2024-08-20 13:22:27,919 INFO     ___FILE_ONLY___ 

2024-08-20 13:22:27,919 INFO     ___FILE_ONLY___ │                     These components will be installed.                     │
2024-08-20 13:22:27,919 INFO     ___FILE_ONLY___ 

2024-08-20 13:22:27,919 INFO     ___FILE_ONLY___ ├─────────────────────────────────────────────────────┬────────────┬──────────┤
2024-08-20 13:22:27,919 INFO     ___FILE_ONLY___ 

2024-08-20 13:22:27,919 INFO     ___FILE_ONLY___ │                         Name                        │  Version   │   Size   │
2024-08-20 13:22:27,919 INFO     ___FILE_ONLY___ 

2024-08-20 13:22:27,919 INFO     ___FILE_ONLY___ ├─────────────────────────────────────────────────────┼────────────┼──────────┤
2024-08-20 13:22:27,919 INFO     ___FILE_ONLY___ 

2024-08-20 13:22:27,919 INFO     ___FILE_ONLY___ │ 
2024-08-20 13:22:27,919 INFO     ___FILE_ONLY___ BigQuery Command Line Tool                         
2024-08-20 13:22:27,919 INFO     ___FILE_ONLY___  
2024-08-20 13:22:27,919 INFO     ___FILE_ONLY___ │ 
2024-08-20 13:22:27,919 INFO     ___FILE_ONLY___      2.1.8
2024-08-20 13:22:27,919 INFO     ___FILE_ONLY___  
2024-08-20 13:22:27,920 INFO     ___FILE_ONLY___ │ 
2024-08-20 13:22:27,920 INFO     ___FILE_ONLY___  1.7 MiB
2024-08-20 13:22:27,920 INFO     ___FILE_ONLY___  
2024-08-20 13:22:27,920 INFO     ___FILE_ONLY___ │
2024-08-20 13:22:27,920 INFO     ___FILE_ONLY___ 

2024-08-20 13:22:27,920 INFO     ___FILE_ONLY___ │ 
2024-08-20 13:22:27,920 INFO     ___FILE_ONLY___ BigQuery Command Line Tool (Platform Specific)     
2024-08-20 13:22:27,920 INFO     ___FILE_ONLY___  
2024-08-20 13:22:27,920 INFO     ___FILE_ONLY___ │ 
2024-08-20 13:22:27,920 INFO     ___FILE_ONLY___    2.0.101
2024-08-20 13:22:27,920 INFO     ___FILE_ONLY___  
2024-08-20 13:22:27,920 INFO     ___FILE_ONLY___ │ 
2024-08-20 13:22:27,920 INFO     ___FILE_ONLY___  < 1 MiB
2024-08-20 13:22:27,920 INFO     ___FILE_ONLY___  
2024-08-20 13:22:27,920 INFO     ___FILE_ONLY___ │
2024-08-20 13:22:27,921 INFO     ___FILE_ONLY___ 

2024-08-20 13:22:27,921 INFO     ___FILE_ONLY___ │ 
2024-08-20 13:22:27,921 INFO     ___FILE_ONLY___ Bundled Python 3.11 (Platform Specific)            
2024-08-20 13:22:27,921 INFO     ___FILE_ONLY___  
2024-08-20 13:22:27,921 INFO     ___FILE_ONLY___ │ 
2024-08-20 13:22:27,921 INFO     ___FILE_ONLY___     3.11.9
2024-08-20 13:22:27,921 INFO     ___FILE_ONLY___  
2024-08-20 13:22:27,921 INFO     ___FILE_ONLY___ │ 
2024-08-20 13:22:27,921 INFO     ___FILE_ONLY___ 74.2 MiB
2024-08-20 13:22:27,921 INFO     ___FILE_ONLY___  
2024-08-20 13:22:27,922 INFO     ___FILE_ONLY___ │
2024-08-20 13:22:27,922 INFO     ___FILE_ONLY___ 

2024-08-20 13:22:27,922 INFO     ___FILE_ONLY___ │ 
2024-08-20 13:22:27,922 INFO     ___FILE_ONLY___ Cloud Storage Command Line Tool                    
2024-08-20 13:22:27,922 INFO     ___FILE_ONLY___  
2024-08-20 13:22:27,922 INFO     ___FILE_ONLY___ │ 
2024-08-20 13:22:27,922 INFO     ___FILE_ONLY___       5.30
2024-08-20 13:22:27,922 INFO     ___FILE_ONLY___  
2024-08-20 13:22:27,922 INFO     ___FILE_ONLY___ │ 
2024-08-20 13:22:27,922 INFO     ___FILE_ONLY___ 11.3 MiB
2024-08-20 13:22:27,922 INFO     ___FILE_ONLY___  
2024-08-20 13:22:27,922 INFO     ___FILE_ONLY___ │
2024-08-20 13:22:27,922 INFO     ___FILE_ONLY___ 

2024-08-20 13:22:27,922 INFO     ___FILE_ONLY___ │ 
2024-08-20 13:22:27,922 INFO     ___FILE_ONLY___ Cloud Storage Command Line Tool (Platform Specific)
2024-08-20 13:22:27,923 INFO     ___FILE_ONLY___  
2024-08-20 13:22:27,923 INFO     ___FILE_ONLY___ │ 
2024-08-20 13:22:27,923 INFO     ___FILE_ONLY___       5.27
2024-08-20 13:22:27,923 INFO     ___FILE_ONLY___  
2024-08-20 13:22:27,923 INFO     ___FILE_ONLY___ │ 
2024-08-20 13:22:27,923 INFO     ___FILE_ONLY___  < 1 MiB
2024-08-20 13:22:27,923 INFO     ___FILE_ONLY___  
2024-08-20 13:22:27,923 INFO     ___FILE_ONLY___ │
2024-08-20 13:22:27,923 INFO     ___FILE_ONLY___ 

2024-08-20 13:22:27,923 INFO     ___FILE_ONLY___ │ 
2024-08-20 13:22:27,923 INFO     ___FILE_ONLY___ Google Cloud CLI Core Libraries (Platform Specific)
2024-08-20 13:22:27,923 INFO     ___FILE_ONLY___  
2024-08-20 13:22:27,923 INFO     ___FILE_ONLY___ │ 
2024-08-20 13:22:27,923 INFO     ___FILE_ONLY___ 2024.01.06
2024-08-20 13:22:27,923 INFO     ___FILE_ONLY___  
2024-08-20 13:22:27,924 INFO     ___FILE_ONLY___ │ 
2024-08-20 13:22:27,924 INFO     ___FILE_ONLY___  < 1 MiB
2024-08-20 13:22:27,924 INFO     ___FILE_ONLY___  
2024-08-20 13:22:27,924 INFO     ___FILE_ONLY___ │
2024-08-20 13:22:27,924 INFO     ___FILE_ONLY___ 

2024-08-20 13:22:27,924 INFO     ___FILE_ONLY___ │ 
2024-08-20 13:22:27,924 INFO     ___FILE_ONLY___ Google Cloud CRC32C Hash Tool (Platform Specific)  
2024-08-20 13:22:27,924 INFO     ___FILE_ONLY___  
2024-08-20 13:22:27,924 INFO     ___FILE_ONLY___ │ 
2024-08-20 13:22:27,924 INFO     ___FILE_ONLY___      1.0.0
2024-08-20 13:22:27,924 INFO     ___FILE_ONLY___  
2024-08-20 13:22:27,924 INFO     ___FILE_ONLY___ │ 
2024-08-20 13:22:27,924 INFO     ___FILE_ONLY___  1.3 MiB
2024-08-20 13:22:27,924 INFO     ___FILE_ONLY___  
2024-08-20 13:22:27,924 INFO     ___FILE_ONLY___ │
2024-08-20 13:22:27,925 INFO     ___FILE_ONLY___ 

2024-08-20 13:22:27,925 INFO     ___FILE_ONLY___ │ 
2024-08-20 13:22:27,925 INFO     ___FILE_ONLY___ gcloud cli dependencies (Platform Specific)        
2024-08-20 13:22:27,925 INFO     ___FILE_ONLY___  
2024-08-20 13:22:27,925 INFO     ___FILE_ONLY___ │ 
2024-08-20 13:22:27,925 INFO     ___FILE_ONLY___ 2021.04.16
2024-08-20 13:22:27,925 INFO     ___FILE_ONLY___  
2024-08-20 13:22:27,925 INFO     ___FILE_ONLY___ │ 
2024-08-20 13:22:27,925 INFO     ___FILE_ONLY___  < 1 MiB
2024-08-20 13:22:27,925 INFO     ___FILE_ONLY___  
2024-08-20 13:22:27,926 INFO     ___FILE_ONLY___ │
2024-08-20 13:22:27,926 INFO     ___FILE_ONLY___ 

2024-08-20 13:22:27,926 INFO     ___FILE_ONLY___ └─────────────────────────────────────────────────────┴────────────┴──────────┘
2024-08-20 13:22:27,926 INFO     ___FILE_ONLY___ 

2024-08-20 13:22:27,926 INFO     ___FILE_ONLY___ 

2024-08-20 13:22:27,929 DEBUG    urllib3.connectionpool Starting new HTTPS connection (1): dl.google.com:443
2024-08-20 13:22:28,049 DEBUG    urllib3.connectionpool https://dl.google.com:443 "GET /dl/cloudsdk/channels/rapid/RELEASE_NOTES HTTP/1.1" 200 1256061
2024-08-20 13:22:28,079 INFO     ___FILE_ONLY___ For the latest full release notes, please visit:
  https://cloud.google.com/sdk/release_notes


2024-08-20 13:22:28,080 INFO     ___FILE_ONLY___ Performing in place update...


2024-08-20 13:22:28,082 INFO     ___FILE_ONLY___ ╔════════════════════════════════════════════════════════════╗

2024-08-20 13:22:28,082 INFO     ___FILE_ONLY___ ╠═ Downloading: BigQuery Command Line Tool                  ═╣

2024-08-20 13:22:28,082 INFO     ___FILE_ONLY___ ╚
2024-08-20 13:22:28,085 DEBUG    urllib3.connectionpool Starting new HTTPS connection (1): dl.google.com:443
2024-08-20 13:22:28,204 DEBUG    urllib3.connectionpool https://dl.google.com:443 "GET /dl/cloudsdk/channels/rapid/components/google-cloud-sdk-bq-20240809134940.tar.gz HTTP/1.1" 200 1818407
2024-08-20 13:22:28,215 INFO     ___FILE_ONLY___ ═
2024-08-20 13:22:28,216 INFO     ___FILE_ONLY___ ═
2024-08-20 13:22:28,216 INFO     ___FILE_ONLY___ ═
2024-08-20 13:22:28,216 INFO     ___FILE_ONLY___ ═
2024-08-20 13:22:28,216 INFO     ___FILE_ONLY___ ═
2024-08-20 13:22:28,216 INFO     ___FILE_ONLY___ ═
2024-08-20 13:22:28,216 INFO     ___FILE_ONLY___ ═
2024-08-20 13:22:28,216 INFO     ___FILE_ONLY___ ═
2024-08-20 13:22:28,217 INFO     ___FILE_ONLY___ ═
2024-08-20 13:22:28,217 INFO     ___FILE_ONLY___ ═
2024-08-20 13:22:28,217 INFO     ___FILE_ONLY___ ═
2024-08-20 13:22:28,217 INFO     ___FILE_ONLY___ ═
2024-08-20 13:22:28,217 INFO     ___FILE_ONLY___ ═
2024-08-20 13:22:28,217 INFO     ___FILE_ONLY___ ═
2024-08-20 13:22:28,217 INFO     ___FILE_ONLY___ ═
2024-08-20 13:22:28,217 INFO     ___FILE_ONLY___ ═
2024-08-20 13:22:28,217 INFO     ___FILE_ONLY___ ═
2024-08-20 13:22:28,217 INFO     ___FILE_ONLY___ ═
2024-08-20 13:22:28,218 INFO     ___FILE_ONLY___ ═
2024-08-20 13:22:28,218 INFO     ___FILE_ONLY___ ═
2024-08-20 13:22:28,218 INFO     ___FILE_ONLY___ ═
2024-08-20 13:22:28,218 INFO     ___FILE_ONLY___ ═
2024-08-20 13:22:28,218 INFO     ___FILE_ONLY___ ═
2024-08-20 13:22:28,218 INFO     ___FILE_ONLY___ ═
2024-08-20 13:22:28,218 INFO     ___FILE_ONLY___ ═
2024-08-20 13:22:28,218 INFO     ___FILE_ONLY___ ═
2024-08-20 13:22:28,218 INFO     ___FILE_ONLY___ ═
2024-08-20 13:22:28,218 INFO     ___FILE_ONLY___ ═
2024-08-20 13:22:28,219 INFO     ___FILE_ONLY___ ═
2024-08-20 13:22:28,219 INFO     ___FILE_ONLY___ ═
2024-08-20 13:22:28,219 INFO     ___FILE_ONLY___ ═
2024-08-20 13:22:28,219 INFO     ___FILE_ONLY___ ═
2024-08-20 13:22:28,219 INFO     ___FILE_ONLY___ ═
2024-08-20 13:22:28,219 INFO     ___FILE_ONLY___ ═
2024-08-20 13:22:28,219 INFO     ___FILE_ONLY___ ═
2024-08-20 13:22:28,219 INFO     ___FILE_ONLY___ ═
2024-08-20 13:22:28,219 INFO     ___FILE_ONLY___ ═
2024-08-20 13:22:28,219 INFO     ___FILE_ONLY___ ═
2024-08-20 13:22:28,220 INFO     ___FILE_ONLY___ ═
2024-08-20 13:22:28,220 INFO     ___FILE_ONLY___ ═
2024-08-20 13:22:28,220 INFO     ___FILE_ONLY___ ═
2024-08-20 13:22:28,220 INFO     ___FILE_ONLY___ ═
2024-08-20 13:22:28,220 INFO     ___FILE_ONLY___ ═
2024-08-20 13:22:28,220 INFO     ___FILE_ONLY___ ═
2024-08-20 13:22:28,220 INFO     ___FILE_ONLY___ ═
2024-08-20 13:22:28,220 INFO     ___FILE_ONLY___ ═
2024-08-20 13:22:28,220 INFO     ___FILE_ONLY___ ═
2024-08-20 13:22:28,220 INFO     ___FILE_ONLY___ ═
2024-08-20 13:22:28,221 INFO     ___FILE_ONLY___ ═
2024-08-20 13:22:28,221 INFO     ___FILE_ONLY___ ═
2024-08-20 13:22:28,221 INFO     ___FILE_ONLY___ ═
2024-08-20 13:22:28,221 INFO     ___FILE_ONLY___ ═
2024-08-20 13:22:28,221 INFO     ___FILE_ONLY___ ═
2024-08-20 13:22:28,221 INFO     ___FILE_ONLY___ ═
2024-08-20 13:22:28,221 INFO     ___FILE_ONLY___ ═
2024-08-20 13:22:28,221 INFO     ___FILE_ONLY___ ═
2024-08-20 13:22:28,221 INFO     ___FILE_ONLY___ ═
2024-08-20 13:22:28,221 INFO     ___FILE_ONLY___ ═
2024-08-20 13:22:28,222 INFO     ___FILE_ONLY___ ═
2024-08-20 13:22:28,222 INFO     ___FILE_ONLY___ ═
2024-08-20 13:22:28,222 INFO     ___FILE_ONLY___ ╝

2024-08-20 13:22:28,224 INFO     ___FILE_ONLY___ ╔════════════════════════════════════════════════════════════╗

2024-08-20 13:22:28,224 INFO     ___FILE_ONLY___ ╠═ Downloading: BigQuery Command Line Tool (Platform Spe... ═╣

2024-08-20 13:22:28,224 INFO     ___FILE_ONLY___ ╚
2024-08-20 13:22:28,227 DEBUG    urllib3.connectionpool Starting new HTTPS connection (1): dl.google.com:443
2024-08-20 13:22:28,343 DEBUG    urllib3.connectionpool https://dl.google.com:443 "GET /dl/cloudsdk/channels/rapid/components/google-cloud-sdk-bq-nix-20240106004423.tar.gz HTTP/1.1" 200 2026
2024-08-20 13:22:28,344 INFO     ___FILE_ONLY___ ════════════════════════════════════════════════════════════
2024-08-20 13:22:28,345 INFO     ___FILE_ONLY___ ╝

2024-08-20 13:22:28,347 INFO     ___FILE_ONLY___ ╔════════════════════════════════════════════════════════════╗

2024-08-20 13:22:28,347 INFO     ___FILE_ONLY___ ╠═ Downloading: Bundled Python 3.11                         ═╣

2024-08-20 13:22:28,347 INFO     ___FILE_ONLY___ ╚
2024-08-20 13:22:28,347 INFO     ___FILE_ONLY___ ════════════════════════════════════════════════════════════
2024-08-20 13:22:28,347 INFO     ___FILE_ONLY___ ╝

2024-08-20 13:22:28,349 INFO     ___FILE_ONLY___ ╔════════════════════════════════════════════════════════════╗

2024-08-20 13:22:28,349 INFO     ___FILE_ONLY___ ╠═ Downloading: Bundled Python 3.11 (Platform Specific)     ═╣

2024-08-20 13:22:28,349 INFO     ___FILE_ONLY___ ╚
2024-08-20 13:22:28,353 DEBUG    urllib3.connectionpool Starting new HTTPS connection (1): dl.google.com:443
2024-08-20 13:22:28,475 DEBUG    urllib3.connectionpool https://dl.google.com:443 "GET /dl/cloudsdk/channels/rapid/components/google-cloud-sdk-bundled-python3-unix-linux-x86_64-20240806142304.tar.gz HTTP/1.1" 200 77768547
2024-08-20 13:22:28,752 INFO     ___FILE_ONLY___ ═
2024-08-20 13:22:28,753 INFO     ___FILE_ONLY___ ═
2024-08-20 13:22:28,755 INFO     ___FILE_ONLY___ ═
2024-08-20 13:22:28,756 INFO     ___FILE_ONLY___ ═
2024-08-20 13:22:28,758 INFO     ___FILE_ONLY___ ═
2024-08-20 13:22:28,759 INFO     ___FILE_ONLY___ ═
2024-08-20 13:22:28,761 INFO     ___FILE_ONLY___ ═
2024-08-20 13:22:28,762 INFO     ___FILE_ONLY___ ═
2024-08-20 13:22:28,763 INFO     ___FILE_ONLY___ ═
2024-08-20 13:22:28,765 INFO     ___FILE_ONLY___ ═
2024-08-20 13:22:28,766 INFO     ___FILE_ONLY___ ═
2024-08-20 13:22:28,768 INFO     ___FILE_ONLY___ ═
2024-08-20 13:22:28,769 INFO     ___FILE_ONLY___ ═
2024-08-20 13:22:28,770 INFO     ___FILE_ONLY___ ═
2024-08-20 13:22:28,772 INFO     ___FILE_ONLY___ ═
2024-08-20 13:22:28,773 INFO     ___FILE_ONLY___ ═
2024-08-20 13:22:28,775 INFO     ___FILE_ONLY___ ═
2024-08-20 13:22:28,776 INFO     ___FILE_ONLY___ ═
2024-08-20 13:22:28,778 INFO     ___FILE_ONLY___ ═
2024-08-20 13:22:28,779 INFO     ___FILE_ONLY___ ═
2024-08-20 13:22:28,781 INFO     ___FILE_ONLY___ ═
2024-08-20 13:22:28,782 INFO     ___FILE_ONLY___ ═
2024-08-20 13:22:28,783 INFO     ___FILE_ONLY___ ═
2024-08-20 13:22:28,785 INFO     ___FILE_ONLY___ ═
2024-08-20 13:22:28,786 INFO     ___FILE_ONLY___ ═
2024-08-20 13:22:28,788 INFO     ___FILE_ONLY___ ═
2024-08-20 13:22:28,789 INFO     ___FILE_ONLY___ ═
2024-08-20 13:22:28,791 INFO     ___FILE_ONLY___ ═
2024-08-20 13:22:28,792 INFO     ___FILE_ONLY___ ═
2024-08-20 13:22:28,793 INFO     ___FILE_ONLY___ ═
2024-08-20 13:22:28,795 INFO     ___FILE_ONLY___ ═
2024-08-20 13:22:28,796 INFO     ___FILE_ONLY___ ═
2024-08-20 13:22:28,798 INFO     ___FILE_ONLY___ ═
2024-08-20 13:22:28,799 INFO     ___FILE_ONLY___ ═
2024-08-20 13:22:28,800 INFO     ___FILE_ONLY___ ═
2024-08-20 13:22:28,802 INFO     ___FILE_ONLY___ ═
2024-08-20 13:22:28,803 INFO     ___FILE_ONLY___ ═
2024-08-20 13:22:28,805 INFO     ___FILE_ONLY___ ═
2024-08-20 13:22:28,806 INFO     ___FILE_ONLY___ ═
2024-08-20 13:22:28,808 INFO     ___FILE_ONLY___ ═
2024-08-20 13:22:28,809 INFO     ___FILE_ONLY___ ═
2024-08-20 13:22:28,810 INFO     ___FILE_ONLY___ ═
2024-08-20 13:22:28,812 INFO     ___FILE_ONLY___ ═
2024-08-20 13:22:28,813 INFO     ___FILE_ONLY___ ═
2024-08-20 13:22:28,815 INFO     ___FILE_ONLY___ ═
2024-08-20 13:22:28,816 INFO     ___FILE_ONLY___ ═
2024-08-20 13:22:28,818 INFO     ___FILE_ONLY___ ═
2024-08-20 13:22:28,819 INFO     ___FILE_ONLY___ ═
2024-08-20 13:22:28,821 INFO     ___FILE_ONLY___ ═
2024-08-20 13:22:28,822 INFO     ___FILE_ONLY___ ═
2024-08-20 13:22:28,824 INFO     ___FILE_ONLY___ ═
2024-08-20 13:22:28,825 INFO     ___FILE_ONLY___ ═
2024-08-20 13:22:28,826 INFO     ___FILE_ONLY___ ═
2024-08-20 13:22:28,828 INFO     ___FILE_ONLY___ ═
2024-08-20 13:22:28,829 INFO     ___FILE_ONLY___ ═
2024-08-20 13:22:28,831 INFO     ___FILE_ONLY___ ═
2024-08-20 13:22:28,832 INFO     ___FILE_ONLY___ ═
2024-08-20 13:22:28,834 INFO     ___FILE_ONLY___ ═
2024-08-20 13:22:28,835 INFO     ___FILE_ONLY___ ═
2024-08-20 13:22:28,836 INFO     ___FILE_ONLY___ ═
2024-08-20 13:22:28,837 INFO     ___FILE_ONLY___ ╝

2024-08-20 13:22:28,839 INFO     ___FILE_ONLY___ ╔════════════════════════════════════════════════════════════╗

2024-08-20 13:22:28,839 INFO     ___FILE_ONLY___ ╠═ Downloading: Cloud Storage Command Line Tool             ═╣

2024-08-20 13:22:28,840 INFO     ___FILE_ONLY___ ╚
2024-08-20 13:22:28,849 DEBUG    urllib3.connectionpool Starting new HTTPS connection (1): dl.google.com:443
2024-08-20 13:22:28,923 DEBUG    urllib3.connectionpool https://dl.google.com:443 "GET /dl/cloudsdk/channels/rapid/components/google-cloud-sdk-gsutil-20240614142823.tar.gz HTTP/1.1" 200 11883175
2024-08-20 13:22:28,960 INFO     ___FILE_ONLY___ ═
2024-08-20 13:22:28,960 INFO     ___FILE_ONLY___ ═
2024-08-20 13:22:28,961 INFO     ___FILE_ONLY___ ═
2024-08-20 13:22:28,961 INFO     ___FILE_ONLY___ ═
2024-08-20 13:22:28,961 INFO     ___FILE_ONLY___ ═
2024-08-20 13:22:28,962 INFO     ___FILE_ONLY___ ═
2024-08-20 13:22:28,962 INFO     ___FILE_ONLY___ ═
2024-08-20 13:22:28,962 INFO     ___FILE_ONLY___ ═
2024-08-20 13:22:28,963 INFO     ___FILE_ONLY___ ═
2024-08-20 13:22:28,963 INFO     ___FILE_ONLY___ ═
2024-08-20 13:22:28,963 INFO     ___FILE_ONLY___ ═
2024-08-20 13:22:28,963 INFO     ___FILE_ONLY___ ═
2024-08-20 13:22:28,964 INFO     ___FILE_ONLY___ ═
2024-08-20 13:22:28,964 INFO     ___FILE_ONLY___ ═
2024-08-20 13:22:28,964 INFO     ___FILE_ONLY___ ═
2024-08-20 13:22:28,965 INFO     ___FILE_ONLY___ ═
2024-08-20 13:22:28,965 INFO     ___FILE_ONLY___ ═
2024-08-20 13:22:28,965 INFO     ___FILE_ONLY___ ═
2024-08-20 13:22:28,966 INFO     ___FILE_ONLY___ ═
2024-08-20 13:22:28,966 INFO     ___FILE_ONLY___ ═
2024-08-20 13:22:28,966 INFO     ___FILE_ONLY___ ═
2024-08-20 13:22:28,966 INFO     ___FILE_ONLY___ ═
2024-08-20 13:22:28,967 INFO     ___FILE_ONLY___ ═
2024-08-20 13:22:28,967 INFO     ___FILE_ONLY___ ═
2024-08-20 13:22:28,967 INFO     ___FILE_ONLY___ ═
2024-08-20 13:22:28,968 INFO     ___FILE_ONLY___ ═
2024-08-20 13:22:28,968 INFO     ___FILE_ONLY___ ═
2024-08-20 13:22:28,968 INFO     ___FILE_ONLY___ ═
2024-08-20 13:22:28,968 INFO     ___FILE_ONLY___ ═
2024-08-20 13:22:28,969 INFO     ___FILE_ONLY___ ═
2024-08-20 13:22:28,969 INFO     ___FILE_ONLY___ ═
2024-08-20 13:22:28,969 INFO     ___FILE_ONLY___ ═
2024-08-20 13:22:28,970 INFO     ___FILE_ONLY___ ═
2024-08-20 13:22:28,970 INFO     ___FILE_ONLY___ ═
2024-08-20 13:22:28,970 INFO     ___FILE_ONLY___ ═
2024-08-20 13:22:28,970 INFO     ___FILE_ONLY___ ═
2024-08-20 13:22:28,971 INFO     ___FILE_ONLY___ ═
2024-08-20 13:22:28,971 INFO     ___FILE_ONLY___ ═
2024-08-20 13:22:28,971 INFO     ___FILE_ONLY___ ═
2024-08-20 13:22:28,972 INFO     ___FILE_ONLY___ ═
2024-08-20 13:22:28,972 INFO     ___FILE_ONLY___ ═
2024-08-20 13:22:28,972 INFO     ___FILE_ONLY___ ═
2024-08-20 13:22:28,972 INFO     ___FILE_ONLY___ ═
2024-08-20 13:22:28,973 INFO     ___FILE_ONLY___ ═
2024-08-20 13:22:28,973 INFO     ___FILE_ONLY___ ═
2024-08-20 13:22:28,973 INFO     ___FILE_ONLY___ ═
2024-08-20 13:22:28,974 INFO     ___FILE_ONLY___ ═
2024-08-20 13:22:28,974 INFO     ___FILE_ONLY___ ═
2024-08-20 13:22:28,974 INFO     ___FILE_ONLY___ ═
2024-08-20 13:22:28,975 INFO     ___FILE_ONLY___ ═
2024-08-20 13:22:28,975 INFO     ___FILE_ONLY___ ═
2024-08-20 13:22:28,975 INFO     ___FILE_ONLY___ ═
2024-08-20 13:22:28,976 INFO     ___FILE_ONLY___ ═
2024-08-20 13:22:28,976 INFO     ___FILE_ONLY___ ═
2024-08-20 13:22:28,976 INFO     ___FILE_ONLY___ ═
2024-08-20 13:22:28,977 INFO     ___FILE_ONLY___ ═
2024-08-20 13:22:28,977 INFO     ___FILE_ONLY___ ═
2024-08-20 13:22:28,977 INFO     ___FILE_ONLY___ ═
2024-08-20 13:22:28,978 INFO     ___FILE_ONLY___ ═
2024-08-20 13:22:28,978 INFO     ___FILE_ONLY___ ═
2024-08-20 13:22:28,978 INFO     ___FILE_ONLY___ ╝

2024-08-20 13:22:28,980 INFO     ___FILE_ONLY___ ╔════════════════════════════════════════════════════════════╗

2024-08-20 13:22:28,980 INFO     ___FILE_ONLY___ ╠═ Downloading: Cloud Storage Command Line Tool (Platfor... ═╣

2024-08-20 13:22:28,981 INFO     ___FILE_ONLY___ ╚
2024-08-20 13:22:28,984 DEBUG    urllib3.connectionpool Starting new HTTPS connection (1): dl.google.com:443
2024-08-20 13:22:29,054 DEBUG    urllib3.connectionpool https://dl.google.com:443 "GET /dl/cloudsdk/channels/rapid/components/google-cloud-sdk-gsutil-nix-20240106004423.tar.gz HTTP/1.1" 200 2042
2024-08-20 13:22:29,055 INFO     ___FILE_ONLY___ ════════════════════════════════════════════════════════════
2024-08-20 13:22:29,055 INFO     ___FILE_ONLY___ ╝

2024-08-20 13:22:29,057 INFO     ___FILE_ONLY___ ╔════════════════════════════════════════════════════════════╗

2024-08-20 13:22:29,057 INFO     ___FILE_ONLY___ ╠═ Downloading: Default set of gcloud commands              ═╣

2024-08-20 13:22:29,057 INFO     ___FILE_ONLY___ ╚
2024-08-20 13:22:29,057 INFO     ___FILE_ONLY___ ════════════════════════════════════════════════════════════
2024-08-20 13:22:29,057 INFO     ___FILE_ONLY___ ╝

2024-08-20 13:22:29,059 INFO     ___FILE_ONLY___ ╔════════════════════════════════════════════════════════════╗

2024-08-20 13:22:29,059 INFO     ___FILE_ONLY___ ╠═ Downloading: Google Cloud CLI Core Libraries (Platfor... ═╣

2024-08-20 13:22:29,059 INFO     ___FILE_ONLY___ ╚
2024-08-20 13:22:29,063 DEBUG    urllib3.connectionpool Starting new HTTPS connection (1): dl.google.com:443
2024-08-20 13:22:29,181 DEBUG    urllib3.connectionpool https://dl.google.com:443 "GET /dl/cloudsdk/channels/rapid/components/google-cloud-sdk-core-nix-20240106004423.tar.gz HTTP/1.1" 200 2410
2024-08-20 13:22:29,182 INFO     ___FILE_ONLY___ ════════════════════════════════════════════════════════════
2024-08-20 13:22:29,182 INFO     ___FILE_ONLY___ ╝

2024-08-20 13:22:29,184 INFO     ___FILE_ONLY___ ╔════════════════════════════════════════════════════════════╗

2024-08-20 13:22:29,185 INFO     ___FILE_ONLY___ ╠═ Downloading: Google Cloud CRC32C Hash Tool               ═╣

2024-08-20 13:22:29,185 INFO     ___FILE_ONLY___ ╚
2024-08-20 13:22:29,185 INFO     ___FILE_ONLY___ ════════════════════════════════════════════════════════════
2024-08-20 13:22:29,185 INFO     ___FILE_ONLY___ ╝

2024-08-20 13:22:29,187 INFO     ___FILE_ONLY___ ╔════════════════════════════════════════════════════════════╗

2024-08-20 13:22:29,187 INFO     ___FILE_ONLY___ ╠═ Downloading: Google Cloud CRC32C Hash Tool (Platform ... ═╣

2024-08-20 13:22:29,187 INFO     ___FILE_ONLY___ ╚
2024-08-20 13:22:29,191 DEBUG    urllib3.connectionpool Starting new HTTPS connection (1): dl.google.com:443
2024-08-20 13:22:29,262 DEBUG    urllib3.connectionpool https://dl.google.com:443 "GET /dl/cloudsdk/channels/rapid/components/google-cloud-sdk-gcloud-crc32c-linux-x86_64-20240712142834.tar.gz HTTP/1.1" 200 1350263
2024-08-20 13:22:29,272 INFO     ___FILE_ONLY___ ═
2024-08-20 13:22:29,272 INFO     ___FILE_ONLY___ ═
2024-08-20 13:22:29,272 INFO     ___FILE_ONLY___ ═
2024-08-20 13:22:29,272 INFO     ___FILE_ONLY___ ═
2024-08-20 13:22:29,272 INFO     ___FILE_ONLY___ ═
2024-08-20 13:22:29,272 INFO     ___FILE_ONLY___ ═
2024-08-20 13:22:29,272 INFO     ___FILE_ONLY___ ═
2024-08-20 13:22:29,273 INFO     ___FILE_ONLY___ ═
2024-08-20 13:22:29,273 INFO     ___FILE_ONLY___ ═
2024-08-20 13:22:29,273 INFO     ___FILE_ONLY___ ═
2024-08-20 13:22:29,273 INFO     ___FILE_ONLY___ ═
2024-08-20 13:22:29,273 INFO     ___FILE_ONLY___ ═
2024-08-20 13:22:29,273 INFO     ___FILE_ONLY___ ═
2024-08-20 13:22:29,273 INFO     ___FILE_ONLY___ ═
2024-08-20 13:22:29,274 INFO     ___FILE_ONLY___ ═
2024-08-20 13:22:29,274 INFO     ___FILE_ONLY___ ═
2024-08-20 13:22:29,274 INFO     ___FILE_ONLY___ ═
2024-08-20 13:22:29,274 INFO     ___FILE_ONLY___ ═
2024-08-20 13:22:29,274 INFO     ___FILE_ONLY___ ═
2024-08-20 13:22:29,274 INFO     ___FILE_ONLY___ ═
2024-08-20 13:22:29,274 INFO     ___FILE_ONLY___ ═
2024-08-20 13:22:29,275 INFO     ___FILE_ONLY___ ═
2024-08-20 13:22:29,275 INFO     ___FILE_ONLY___ ═
2024-08-20 13:22:29,275 INFO     ___FILE_ONLY___ ═
2024-08-20 13:22:29,275 INFO     ___FILE_ONLY___ ═
2024-08-20 13:22:29,275 INFO     ___FILE_ONLY___ ═
2024-08-20 13:22:29,275 INFO     ___FILE_ONLY___ ═
2024-08-20 13:22:29,275 INFO     ___FILE_ONLY___ ═
2024-08-20 13:22:29,275 INFO     ___FILE_ONLY___ ═
2024-08-20 13:22:29,276 INFO     ___FILE_ONLY___ ═
2024-08-20 13:22:29,276 INFO     ___FILE_ONLY___ ═
2024-08-20 13:22:29,276 INFO     ___FILE_ONLY___ ═
2024-08-20 13:22:29,276 INFO     ___FILE_ONLY___ ═
2024-08-20 13:22:29,276 INFO     ___FILE_ONLY___ ═
2024-08-20 13:22:29,276 INFO     ___FILE_ONLY___ ═
2024-08-20 13:22:29,276 INFO     ___FILE_ONLY___ ═
2024-08-20 13:22:29,276 INFO     ___FILE_ONLY___ ═
2024-08-20 13:22:29,277 INFO     ___FILE_ONLY___ ═
2024-08-20 13:22:29,277 INFO     ___FILE_ONLY___ ═
2024-08-20 13:22:29,277 INFO     ___FILE_ONLY___ ═
2024-08-20 13:22:29,277 INFO     ___FILE_ONLY___ ═
2024-08-20 13:22:29,277 INFO     ___FILE_ONLY___ ═
2024-08-20 13:22:29,277 INFO     ___FILE_ONLY___ ═
2024-08-20 13:22:29,277 INFO     ___FILE_ONLY___ ═
2024-08-20 13:22:29,278 INFO     ___FILE_ONLY___ ═
2024-08-20 13:22:29,278 INFO     ___FILE_ONLY___ ═
2024-08-20 13:22:29,278 INFO     ___FILE_ONLY___ ═
2024-08-20 13:22:29,278 INFO     ___FILE_ONLY___ ═
2024-08-20 13:22:29,278 INFO     ___FILE_ONLY___ ═
2024-08-20 13:22:29,278 INFO     ___FILE_ONLY___ ═
2024-08-20 13:22:29,278 INFO     ___FILE_ONLY___ ═
2024-08-20 13:22:29,279 INFO     ___FILE_ONLY___ ═
2024-08-20 13:22:29,279 INFO     ___FILE_ONLY___ ═
2024-08-20 13:22:29,279 INFO     ___FILE_ONLY___ ═
2024-08-20 13:22:29,279 INFO     ___FILE_ONLY___ ═
2024-08-20 13:22:29,279 INFO     ___FILE_ONLY___ ═
2024-08-20 13:22:29,279 INFO     ___FILE_ONLY___ ═
2024-08-20 13:22:29,279 INFO     ___FILE_ONLY___ ═
2024-08-20 13:22:29,280 INFO     ___FILE_ONLY___ ═
2024-08-20 13:22:29,280 INFO     ___FILE_ONLY___ ═
2024-08-20 13:22:29,280 INFO     ___FILE_ONLY___ ╝

2024-08-20 13:22:29,282 INFO     ___FILE_ONLY___ ╔════════════════════════════════════════════════════════════╗

2024-08-20 13:22:29,282 INFO     ___FILE_ONLY___ ╠═ Downloading: gcloud cli dependencies (Platform Specific) ═╣

2024-08-20 13:22:29,282 INFO     ___FILE_ONLY___ ╚
2024-08-20 13:22:29,286 DEBUG    urllib3.connectionpool Starting new HTTPS connection (1): dl.google.com:443
2024-08-20 13:22:29,408 DEBUG    urllib3.connectionpool https://dl.google.com:443 "GET /dl/cloudsdk/channels/rapid/components/google-cloud-sdk-gcloud-deps-linux-x86_64-20210416153011.tar.gz HTTP/1.1" 200 104
2024-08-20 13:22:29,408 INFO     ___FILE_ONLY___ ════════════════════════════════════════════════════════════
2024-08-20 13:22:29,409 INFO     ___FILE_ONLY___ ╝

2024-08-20 13:22:29,411 INFO     ___FILE_ONLY___ ╔════════════════════════════════════════════════════════════╗

2024-08-20 13:22:29,411 INFO     ___FILE_ONLY___ ╠═ Installing: BigQuery Command Line Tool                   ═╣

2024-08-20 13:22:29,411 INFO     ___FILE_ONLY___ ╚
2024-08-20 13:22:29,536 INFO     ___FILE_ONLY___ ═
2024-08-20 13:22:29,539 INFO     ___FILE_ONLY___ ═
2024-08-20 13:22:29,542 INFO     ___FILE_ONLY___ ═
2024-08-20 13:22:29,545 INFO     ___FILE_ONLY___ ═
2024-08-20 13:22:29,548 INFO     ___FILE_ONLY___ ═
2024-08-20 13:22:29,550 INFO     ___FILE_ONLY___ ═
2024-08-20 13:22:29,554 INFO     ___FILE_ONLY___ ═
2024-08-20 13:22:29,556 INFO     ___FILE_ONLY___ ═
2024-08-20 13:22:29,559 INFO     ___FILE_ONLY___ ═
2024-08-20 13:22:29,561 INFO     ___FILE_ONLY___ ═
2024-08-20 13:22:29,563 INFO     ___FILE_ONLY___ ═
2024-08-20 13:22:29,566 INFO     ___FILE_ONLY___ ═
2024-08-20 13:22:29,568 INFO     ___FILE_ONLY___ ═
2024-08-20 13:22:29,571 INFO     ___FILE_ONLY___ ═
2024-08-20 13:22:29,573 INFO     ___FILE_ONLY___ ═
2024-08-20 13:22:29,576 INFO     ___FILE_ONLY___ ═
2024-08-20 13:22:29,578 INFO     ___FILE_ONLY___ ═
2024-08-20 13:22:29,582 INFO     ___FILE_ONLY___ ═
2024-08-20 13:22:29,585 INFO     ___FILE_ONLY___ ═
2024-08-20 13:22:29,587 INFO     ___FILE_ONLY___ ═
2024-08-20 13:22:29,590 INFO     ___FILE_ONLY___ ═
2024-08-20 13:22:29,592 INFO     ___FILE_ONLY___ ═
2024-08-20 13:22:29,594 INFO     ___FILE_ONLY___ ═
2024-08-20 13:22:29,596 INFO     ___FILE_ONLY___ ═
2024-08-20 13:22:29,599 INFO     ___FILE_ONLY___ ═
2024-08-20 13:22:29,601 INFO     ___FILE_ONLY___ ═
2024-08-20 13:22:29,603 INFO     ___FILE_ONLY___ ═
2024-08-20 13:22:29,608 INFO     ___FILE_ONLY___ ═
2024-08-20 13:22:29,610 INFO     ___FILE_ONLY___ ═
2024-08-20 13:22:29,612 INFO     ___FILE_ONLY___ ═
2024-08-20 13:22:29,615 INFO     ___FILE_ONLY___ ═
2024-08-20 13:22:29,617 INFO     ___FILE_ONLY___ ═
2024-08-20 13:22:29,621 INFO     ___FILE_ONLY___ ═
2024-08-20 13:22:29,625 INFO     ___FILE_ONLY___ ═
2024-08-20 13:22:29,633 INFO     ___FILE_ONLY___ ═
2024-08-20 13:22:29,635 INFO     ___FILE_ONLY___ ═
2024-08-20 13:22:29,638 INFO     ___FILE_ONLY___ ═
2024-08-20 13:22:29,643 INFO     ___FILE_ONLY___ ═
2024-08-20 13:22:29,646 INFO     ___FILE_ONLY___ ═
2024-08-20 13:22:29,648 INFO     ___FILE_ONLY___ ═
2024-08-20 13:22:29,650 INFO     ___FILE_ONLY___ ═
2024-08-20 13:22:29,654 INFO     ___FILE_ONLY___ ═
2024-08-20 13:22:29,658 INFO     ___FILE_ONLY___ ═
2024-08-20 13:22:29,660 INFO     ___FILE_ONLY___ ═
2024-08-20 13:22:29,662 INFO     ___FILE_ONLY___ ═
2024-08-20 13:22:29,665 INFO     ___FILE_ONLY___ ═
2024-08-20 13:22:29,667 INFO     ___FILE_ONLY___ ═
2024-08-20 13:22:29,669 INFO     ___FILE_ONLY___ ═
2024-08-20 13:22:29,672 INFO     ___FILE_ONLY___ ═
2024-08-20 13:22:29,674 INFO     ___FILE_ONLY___ ═
2024-08-20 13:22:29,676 INFO     ___FILE_ONLY___ ═
2024-08-20 13:22:29,678 INFO     ___FILE_ONLY___ ═
2024-08-20 13:22:29,680 INFO     ___FILE_ONLY___ ═
2024-08-20 13:22:29,683 INFO     ___FILE_ONLY___ ═
2024-08-20 13:22:29,685 INFO     ___FILE_ONLY___ ═
2024-08-20 13:22:29,688 INFO     ___FILE_ONLY___ ═
2024-08-20 13:22:29,691 INFO     ___FILE_ONLY___ ═
2024-08-20 13:22:29,694 INFO     ___FILE_ONLY___ ═
2024-08-20 13:22:29,696 INFO     ___FILE_ONLY___ ═
2024-08-20 13:22:29,698 INFO     ___FILE_ONLY___ ═
2024-08-20 13:22:29,699 INFO     ___FILE_ONLY___ ╝

2024-08-20 13:22:29,711 INFO     ___FILE_ONLY___ ╔════════════════════════════════════════════════════════════╗

2024-08-20 13:22:29,711 INFO     ___FILE_ONLY___ ╠═ Installing: BigQuery Command Line Tool (Platform Spec... ═╣

2024-08-20 13:22:29,711 INFO     ___FILE_ONLY___ ╚
2024-08-20 13:22:29,712 INFO     ___FILE_ONLY___ ════════════════════════════════════════════════════════════
2024-08-20 13:22:29,712 INFO     ___FILE_ONLY___ ╝

2024-08-20 13:22:29,719 INFO     ___FILE_ONLY___ ╔════════════════════════════════════════════════════════════╗

2024-08-20 13:22:29,719 INFO     ___FILE_ONLY___ ╠═ Installing: Bundled Python 3.11                          ═╣

2024-08-20 13:22:29,719 INFO     ___FILE_ONLY___ ╚
2024-08-20 13:22:29,724 INFO     ___FILE_ONLY___ ════════════════════════════════════════════════════════════
2024-08-20 13:22:29,724 INFO     ___FILE_ONLY___ ╝

2024-08-20 13:22:29,726 INFO     ___FILE_ONLY___ ╔════════════════════════════════════════════════════════════╗

2024-08-20 13:22:29,726 INFO     ___FILE_ONLY___ ╠═ Installing: Bundled Python 3.11 (Platform Specific)      ═╣

2024-08-20 13:22:29,726 INFO     ___FILE_ONLY___ ╚
2024-08-20 13:22:31,904 INFO     ___FILE_ONLY___ ═
2024-08-20 13:22:31,917 INFO     ___FILE_ONLY___ ═
2024-08-20 13:22:31,931 INFO     ___FILE_ONLY___ ═
2024-08-20 13:22:31,943 INFO     ___FILE_ONLY___ ═
2024-08-20 13:22:31,956 INFO     ___FILE_ONLY___ ═
2024-08-20 13:22:31,969 INFO     ___FILE_ONLY___ ═
2024-08-20 13:22:31,983 INFO     ___FILE_ONLY___ ═
2024-08-20 13:22:31,996 INFO     ___FILE_ONLY___ ═
2024-08-20 13:22:32,009 INFO     ___FILE_ONLY___ ═
2024-08-20 13:22:32,022 INFO     ___FILE_ONLY___ ═
2024-08-20 13:22:32,035 INFO     ___FILE_ONLY___ ═
2024-08-20 13:22:32,048 INFO     ___FILE_ONLY___ ═
2024-08-20 13:22:32,061 INFO     ___FILE_ONLY___ ═
2024-08-20 13:22:32,074 INFO     ___FILE_ONLY___ ═
2024-08-20 13:22:32,086 INFO     ___FILE_ONLY___ ═
2024-08-20 13:22:32,098 INFO     ___FILE_ONLY___ ═
2024-08-20 13:22:32,111 INFO     ___FILE_ONLY___ ═
2024-08-20 13:22:32,124 INFO     ___FILE_ONLY___ ═
2024-08-20 13:22:32,137 INFO     ___FILE_ONLY___ ═
2024-08-20 13:22:32,149 INFO     ___FILE_ONLY___ ═
2024-08-20 13:22:32,162 INFO     ___FILE_ONLY___ ═
2024-08-20 13:22:32,175 INFO     ___FILE_ONLY___ ═
2024-08-20 13:22:32,188 INFO     ___FILE_ONLY___ ═
2024-08-20 13:22:32,201 INFO     ___FILE_ONLY___ ═
2024-08-20 13:22:32,213 INFO     ___FILE_ONLY___ ═
2024-08-20 13:22:32,226 INFO     ___FILE_ONLY___ ═
2024-08-20 13:22:32,238 INFO     ___FILE_ONLY___ ═
2024-08-20 13:22:32,251 INFO     ___FILE_ONLY___ ═
2024-08-20 13:22:32,266 INFO     ___FILE_ONLY___ ═
2024-08-20 13:22:32,280 INFO     ___FILE_ONLY___ ═
2024-08-20 13:22:32,292 INFO     ___FILE_ONLY___ ═
2024-08-20 13:22:32,305 INFO     ___FILE_ONLY___ ═
2024-08-20 13:22:32,318 INFO     ___FILE_ONLY___ ═
2024-08-20 13:22:32,331 INFO     ___FILE_ONLY___ ═
2024-08-20 13:22:32,697 INFO     ___FILE_ONLY___ ═
2024-08-20 13:22:32,720 INFO     ___FILE_ONLY___ ═
2024-08-20 13:22:32,737 INFO     ___FILE_ONLY___ ═
2024-08-20 13:22:32,754 INFO     ___FILE_ONLY___ ═
2024-08-20 13:22:32,775 INFO     ___FILE_ONLY___ ═
2024-08-20 13:22:32,804 INFO     ___FILE_ONLY___ ═
2024-08-20 13:22:32,826 INFO     ___FILE_ONLY___ ═
2024-08-20 13:22:32,847 INFO     ___FILE_ONLY___ ═
2024-08-20 13:22:32,985 INFO     ___FILE_ONLY___ ═
2024-08-20 13:22:33,005 INFO     ___FILE_ONLY___ ═
2024-08-20 13:22:33,094 INFO     ___FILE_ONLY___ ═
2024-08-20 13:22:33,113 INFO     ___FILE_ONLY___ ═
2024-08-20 13:22:33,133 INFO     ___FILE_ONLY___ ═
2024-08-20 13:22:33,154 INFO     ___FILE_ONLY___ ═
2024-08-20 13:22:33,174 INFO     ___FILE_ONLY___ ═
2024-08-20 13:22:33,197 INFO     ___FILE_ONLY___ ═
2024-08-20 13:22:33,223 INFO     ___FILE_ONLY___ ═
2024-08-20 13:22:33,268 INFO     ___FILE_ONLY___ ═
2024-08-20 13:22:33,286 INFO     ___FILE_ONLY___ ═
2024-08-20 13:22:33,306 INFO     ___FILE_ONLY___ ═
2024-08-20 13:22:33,328 INFO     ___FILE_ONLY___ ═
2024-08-20 13:22:33,352 INFO     ___FILE_ONLY___ ═
2024-08-20 13:22:33,382 INFO     ___FILE_ONLY___ ═
2024-08-20 13:22:34,491 INFO     ___FILE_ONLY___ ═
2024-08-20 13:22:34,507 INFO     ___FILE_ONLY___ ═
2024-08-20 13:22:34,523 INFO     ___FILE_ONLY___ ═
2024-08-20 13:22:34,523 INFO     ___FILE_ONLY___ ╝

2024-08-20 13:22:34,601 INFO     ___FILE_ONLY___ ╔════════════════════════════════════════════════════════════╗

2024-08-20 13:22:34,602 INFO     ___FILE_ONLY___ ╠═ Installing: Cloud Storage Command Line Tool              ═╣

2024-08-20 13:22:34,602 INFO     ___FILE_ONLY___ ╚
2024-08-20 13:22:35,283 INFO     ___FILE_ONLY___ ═
2024-08-20 13:22:35,296 INFO     ___FILE_ONLY___ ═
2024-08-20 13:22:35,311 INFO     ___FILE_ONLY___ ═
2024-08-20 13:22:35,331 INFO     ___FILE_ONLY___ ═
2024-08-20 13:22:35,347 INFO     ___FILE_ONLY___ ═
2024-08-20 13:22:35,364 INFO     ___FILE_ONLY___ ═
2024-08-20 13:22:35,379 INFO     ___FILE_ONLY___ ═
2024-08-20 13:22:35,403 INFO     ___FILE_ONLY___ ═
2024-08-20 13:22:35,416 INFO     ___FILE_ONLY___ ═
2024-08-20 13:22:35,427 INFO     ___FILE_ONLY___ ═
2024-08-20 13:22:35,441 INFO     ___FILE_ONLY___ ═
2024-08-20 13:22:35,481 INFO     ___FILE_ONLY___ ═
2024-08-20 13:22:35,492 INFO     ___FILE_ONLY___ ═
2024-08-20 13:22:35,505 INFO     ___FILE_ONLY___ ═
2024-08-20 13:22:35,518 INFO     ___FILE_ONLY___ ═
2024-08-20 13:22:35,527 INFO     ___FILE_ONLY___ ═
2024-08-20 13:22:35,536 INFO     ___FILE_ONLY___ ═
2024-08-20 13:22:35,547 INFO     ___FILE_ONLY___ ═
2024-08-20 13:22:35,556 INFO     ___FILE_ONLY___ ═
2024-08-20 13:22:35,568 INFO     ___FILE_ONLY___ ═
2024-08-20 13:22:35,579 INFO     ___FILE_ONLY___ ═
2024-08-20 13:22:35,591 INFO     ___FILE_ONLY___ ═
2024-08-20 13:22:35,601 INFO     ___FILE_ONLY___ ═
2024-08-20 13:22:35,615 INFO     ___FILE_ONLY___ ═
2024-08-20 13:22:35,626 INFO     ___FILE_ONLY___ ═
2024-08-20 13:22:35,639 INFO     ___FILE_ONLY___ ═
2024-08-20 13:22:35,654 INFO     ___FILE_ONLY___ ═
2024-08-20 13:22:35,667 INFO     ___FILE_ONLY___ ═
2024-08-20 13:22:35,679 INFO     ___FILE_ONLY___ ═
2024-08-20 13:22:35,699 INFO     ___FILE_ONLY___ ═
2024-08-20 13:22:35,710 INFO     ___FILE_ONLY___ ═
2024-08-20 13:22:35,723 INFO     ___FILE_ONLY___ ═
2024-08-20 13:22:35,733 INFO     ___FILE_ONLY___ ═
2024-08-20 13:22:35,749 INFO     ___FILE_ONLY___ ═
2024-08-20 13:22:35,762 INFO     ___FILE_ONLY___ ═
2024-08-20 13:22:35,773 INFO     ___FILE_ONLY___ ═
2024-08-20 13:22:35,788 INFO     ___FILE_ONLY___ ═
2024-08-20 13:22:35,804 INFO     ___FILE_ONLY___ ═
2024-08-20 13:22:35,819 INFO     ___FILE_ONLY___ ═
2024-08-20 13:22:35,837 INFO     ___FILE_ONLY___ ═
2024-08-20 13:22:35,851 INFO     ___FILE_ONLY___ ═
2024-08-20 13:22:35,863 INFO     ___FILE_ONLY___ ═
2024-08-20 13:22:35,875 INFO     ___FILE_ONLY___ ═
2024-08-20 13:22:35,891 INFO     ___FILE_ONLY___ ═
2024-08-20 13:22:35,905 INFO     ___FILE_ONLY___ ═
2024-08-20 13:22:35,920 INFO     ___FILE_ONLY___ ═
2024-08-20 13:22:35,935 INFO     ___FILE_ONLY___ ═
2024-08-20 13:22:35,947 INFO     ___FILE_ONLY___ ═
2024-08-20 13:22:35,962 INFO     ___FILE_ONLY___ ═
2024-08-20 13:22:35,975 INFO     ___FILE_ONLY___ ═
2024-08-20 13:22:35,991 INFO     ___FILE_ONLY___ ═
2024-08-20 13:22:36,002 INFO     ___FILE_ONLY___ ═
2024-08-20 13:22:36,014 INFO     ___FILE_ONLY___ ═
2024-08-20 13:22:36,029 INFO     ___FILE_ONLY___ ═
2024-08-20 13:22:36,040 INFO     ___FILE_ONLY___ ═
2024-08-20 13:22:36,051 INFO     ___FILE_ONLY___ ═
2024-08-20 13:22:36,061 INFO     ___FILE_ONLY___ ═
2024-08-20 13:22:36,083 INFO     ___FILE_ONLY___ ═
2024-08-20 13:22:36,100 INFO     ___FILE_ONLY___ ═
2024-08-20 13:22:36,118 INFO     ___FILE_ONLY___ ═
2024-08-20 13:22:36,119 INFO     ___FILE_ONLY___ ╝

2024-08-20 13:22:36,171 INFO     ___FILE_ONLY___ ╔════════════════════════════════════════════════════════════╗

2024-08-20 13:22:36,171 INFO     ___FILE_ONLY___ ╠═ Installing: Cloud Storage Command Line Tool (Platform... ═╣

2024-08-20 13:22:36,171 INFO     ___FILE_ONLY___ ╚
2024-08-20 13:22:36,172 INFO     ___FILE_ONLY___ ════════════════════════════════════════════════════════════
2024-08-20 13:22:36,172 INFO     ___FILE_ONLY___ ╝

2024-08-20 13:22:36,179 INFO     ___FILE_ONLY___ ╔════════════════════════════════════════════════════════════╗

2024-08-20 13:22:36,179 INFO     ___FILE_ONLY___ ╠═ Installing: Default set of gcloud commands               ═╣

2024-08-20 13:22:36,179 INFO     ___FILE_ONLY___ ╚
2024-08-20 13:22:36,184 INFO     ___FILE_ONLY___ ════════════════════════════════════════════════════════════
2024-08-20 13:22:36,184 INFO     ___FILE_ONLY___ ╝

2024-08-20 13:22:36,186 INFO     ___FILE_ONLY___ ╔════════════════════════════════════════════════════════════╗

2024-08-20 13:22:36,186 INFO     ___FILE_ONLY___ ╠═ Installing: Google Cloud CLI Core Libraries (Platform... ═╣

2024-08-20 13:22:36,186 INFO     ___FILE_ONLY___ ╚
2024-08-20 13:22:36,188 INFO     ___FILE_ONLY___ ══════════════════════════════
2024-08-20 13:22:36,188 INFO     ___FILE_ONLY___ ══════════════════════════════
2024-08-20 13:22:36,188 INFO     ___FILE_ONLY___ ╝

2024-08-20 13:22:36,195 INFO     ___FILE_ONLY___ ╔════════════════════════════════════════════════════════════╗

2024-08-20 13:22:36,195 INFO     ___FILE_ONLY___ ╠═ Installing: Google Cloud CRC32C Hash Tool                ═╣

2024-08-20 13:22:36,195 INFO     ___FILE_ONLY___ ╚
2024-08-20 13:22:36,200 INFO     ___FILE_ONLY___ ════════════════════════════════════════════════════════════
2024-08-20 13:22:36,200 INFO     ___FILE_ONLY___ ╝

2024-08-20 13:22:36,202 INFO     ___FILE_ONLY___ ╔════════════════════════════════════════════════════════════╗

2024-08-20 13:22:36,202 INFO     ___FILE_ONLY___ ╠═ Installing: Google Cloud CRC32C Hash Tool (Platform S... ═╣

2024-08-20 13:22:36,202 INFO     ___FILE_ONLY___ ╚
2024-08-20 13:22:36,239 INFO     ___FILE_ONLY___ ══════════════════════════════
2024-08-20 13:22:36,240 INFO     ___FILE_ONLY___ ══════════════════════════════
2024-08-20 13:22:36,240 INFO     ___FILE_ONLY___ ╝

2024-08-20 13:22:36,247 INFO     ___FILE_ONLY___ ╔════════════════════════════════════════════════════════════╗

2024-08-20 13:22:36,247 INFO     ___FILE_ONLY___ ╠═ Installing: gcloud cli dependencies (Platform Specific)  ═╣

2024-08-20 13:22:36,247 INFO     ___FILE_ONLY___ ╚
2024-08-20 13:22:36,247 INFO     ___FILE_ONLY___ ════════════════════════════════════════════════════════════
2024-08-20 13:22:36,248 INFO     ___FILE_ONLY___ ╝

2024-08-20 13:22:36,256 DEBUG    root            Updating notification cache...
2024-08-20 13:22:36,256 INFO     ___FILE_ONLY___ 

2024-08-20 13:22:36,258 INFO     ___FILE_ONLY___ Performing post processing steps...
2024-08-20 13:22:36,259 DEBUG    root            Executing command: ['/tools/google-cloud-sdk/bin/gcloud', 'components', 'post-process']
2024-08-20 13:22:47,150 DEBUG    ___FILE_ONLY___ 
2024-08-20 13:22:47,151 DEBUG    ___FILE_ONLY___ 
2024-08-20 13:22:47,287 INFO     ___FILE_ONLY___ 
Update done!


2024-08-20 13:22:47,290 DEBUG    root            Chosen display Format:none
2024-08-20 13:22:47,291 INFO     root            Display format: "none"
